2023-03-16 14:51:26,724 [Worker-7: Loading available Gradle versions] INFO  o.e.b.c.i.u.g.PublishedGradleVersions - Gradle version information cache is not available. Remote download required.
2023-03-25 21:37:56,770 [Worker-0: Loading available Gradle versions] INFO  o.e.b.c.i.u.g.PublishedGradleVersions - Gradle version information cache is out-of-date. Trying to update.
2023-03-30 13:58:41,922 [Worker-1: Loading available Gradle versions] INFO  o.e.b.c.i.u.g.PublishedGradleVersions - Gradle version information cache is out-of-date. Trying to update.
2023-04-01 17:30:20,992 [Worker-5: Loading available Gradle versions] INFO  o.e.b.c.i.u.g.PublishedGradleVersions - Gradle version information cache is out-of-date. Trying to update.
2023-04-06 13:59:44,345 [Worker-0: Loading available Gradle versions] INFO  o.e.b.c.i.u.g.PublishedGradleVersions - Gradle version information cache is out-of-date. Trying to update.
2023-04-18 12:49:59,940 [Worker-1: Loading available Gradle versions] INFO  o.e.b.c.i.u.g.PublishedGradleVersions - Gradle version information cache is out-of-date. Trying to update.
2023-04-20 09:59:09,510 [Worker-3: Loading available Gradle versions] INFO  o.e.b.c.i.u.g.PublishedGradleVersions - Gradle version information cache is out-of-date. Trying to update.
2023-04-20 09:59:09,926 [Worker-3: Loading available Gradle versions] INFO  o.e.b.c.i.u.g.PublishedGradleVersions - Updating Gradle version information cache failed. Using outdated cache.
2023-04-20 10:13:07,395 [Worker-3: Loading available Gradle versions] INFO  o.e.b.c.i.u.g.PublishedGradleVersions - Gradle version information cache is out-of-date. Trying to update.
2023-04-27 15:56:05,094 [Worker-5: Loading available Gradle versions] INFO  o.e.b.c.i.u.g.PublishedGradleVersions - Gradle version information cache is out-of-date. Trying to update.
2023-05-04 14:07:11,132 [Worker-2: Loading available Gradle versions] INFO  o.e.b.c.i.u.g.PublishedGradleVersions - Gradle version information cache is out-of-date. Trying to update.
2023-05-04 15:18:54,959 [Worker-1: Loading available Gradle versions] INFO  o.e.b.c.i.u.g.PublishedGradleVersions - Gradle version information cache is up-to-date. Trying to read.
2023-05-11 13:41:56,235 [Worker-4: Loading available Gradle versions] INFO  o.e.b.c.i.u.g.PublishedGradleVersions - Gradle version information cache is out-of-date. Trying to update.
2023-05-11 13:41:56,796 [Worker-4: Loading available Gradle versions] INFO  o.e.b.c.i.u.g.PublishedGradleVersions - Updating Gradle version information cache failed. Using outdated cache.
2023-05-11 14:09:17,294 [Worker-5: Loading available Gradle versions] INFO  o.e.b.c.i.u.g.PublishedGradleVersions - Gradle version information cache is out-of-date. Trying to update.
2023-05-11 14:16:05,543 [Start Help Server] INFO  org.eclipse.jetty.server.Server - jetty-10.0.13; built: 2022-12-07T20:13:20.134Z; git: 1c2636ea05c0ca8de1ffd6ca7f3a98ac084c766d; jvm 19.0.2+7
2023-05-11 14:16:05,578 [Start Help Server] INFO  o.e.j.s.s.DefaultSessionIdManager - Session workerName=node0
2023-05-11 14:16:05,619 [Start Help Server] INFO  o.e.j.server.handler.ContextHandler - Started o.e.j.s.ServletContextHandler@1ad40f37{/help,null,AVAILABLE}
2023-05-11 14:16:05,647 [Start Help Server] INFO  o.e.jetty.server.AbstractConnector - Started ServerConnector@6ff4877c{HTTP/1.1, (http/1.1)}{127.0.0.1:1983}
2023-05-11 14:16:05,667 [Start Help Server] INFO  org.eclipse.jetty.server.Server - Started Server@c4b0727{STARTING}[10.0.13,sto=0] @124990ms
2023-05-11 14:16:42,912 [Stop Help Server] INFO  org.eclipse.jetty.server.Server - Stopped Server@c4b0727{STOPPING}[10.0.13,sto=0]
2023-05-11 14:16:42,917 [Stop Help Server] INFO  o.e.jetty.server.AbstractConnector - Stopped ServerConnector@6ff4877c{HTTP/1.1, (http/1.1)}{127.0.0.1:0}
2023-05-11 14:16:42,966 [Stop Help Server] INFO  o.e.j.server.handler.ContextHandler - Stopped o.e.j.s.ServletContextHandler@1ad40f37{/help,null,STOPPED}
2023-05-11 14:34:44,500 [Worker-30: https://download.eclipse.org/technology/babel/update-site/R0.19.2/2023-03/content.xml] INFO  o.a.h.c.h.i.c.HttpRequestRetryExec - Recoverable I/O exception (java.net.SocketException) caught when processing request to {s}->https://download.eclipse.org:443
2023-05-11 14:40:19,106 [Worker-40: http://www.eclipse.org/downloads/download.php?file=/oomph/drops/milestone/S20230502-102927-1.29.0-M2&countryCode=kr&timeZone=9&format=xml] INFO  o.a.h.c.h.i.c.HttpRequestRetryExec - Recoverable I/O exception (java.net.SocketException) caught when processing request to {}->http://www.eclipse.org:80
2023-05-11 14:40:20,565 [Worker-40: http://www.eclipse.org/downloads/download.php?file=/oomph/drops/milestone/S20230502-102927-1.29.0-M2&countryCode=kr&timeZone=9&format=xml] INFO  o.a.h.c.h.i.c.HttpRequestRetryExec - Recoverable I/O exception (java.net.SocketException) caught when processing request to {}->http://www.eclipse.org:80
2023-05-11 14:40:21,023 [Worker-44: http://www.eclipse.org/downloads/download.php?file=/oomph/drops/milestone/S20230502-102927-1.29.0-M2&countryCode=kr&timeZone=9&format=xml] INFO  o.a.h.c.h.i.c.HttpRequestRetryExec - Recoverable I/O exception (java.net.SocketException) caught when processing request to {}->http://www.eclipse.org:80
2023-05-11 14:40:23,379 [Worker-45: http://www.eclipse.org/downloads/download.php?file=/oomph/drops/milestone/S20230502-102927-1.29.0-M2&countryCode=kr&timeZone=9&format=xml] INFO  o.a.h.c.h.i.c.HttpRequestRetryExec - Recoverable I/O exception (java.net.SocketException) caught when processing request to {}->http://www.eclipse.org:80
2023-05-11 14:40:23,923 [Worker-41: http://www.eclipse.org/downloads/download.php?file=/oomph/drops/milestone/S20230502-102927-1.29.0-M2&countryCode=kr&timeZone=9&format=xml] INFO  o.a.h.c.h.i.c.HttpRequestRetryExec - Recoverable I/O exception (java.net.SocketException) caught when processing request to {}->http://www.eclipse.org:80
2023-05-11 14:40:24,579 [Worker-47: http://www.eclipse.org/downloads/download.php?file=/oomph/drops/milestone/S20230502-102927-1.29.0-M2&countryCode=kr&timeZone=9&format=xml] INFO  o.a.h.c.h.i.c.HttpRequestRetryExec - Recoverable I/O exception (java.net.SocketException) caught when processing request to {}->http://www.eclipse.org:80
2023-05-11 14:40:25,033 [Worker-47: http://www.eclipse.org/downloads/download.php?file=/oomph/drops/milestone/S20230502-102927-1.29.0-M2&countryCode=kr&timeZone=9&format=xml] INFO  o.a.h.c.h.i.c.HttpRequestRetryExec - Recoverable I/O exception (java.net.SocketException) caught when processing request to {}->http://www.eclipse.org:80
2023-05-11 14:40:25,686 [Worker-42: http://www.eclipse.org/downloads/download.php?file=/oomph/drops/milestone/S20230502-102927-1.29.0-M2&countryCode=kr&timeZone=9&format=xml] INFO  o.a.h.c.h.i.c.HttpRequestRetryExec - Recoverable I/O exception (java.net.SocketException) caught when processing request to {}->http://www.eclipse.org:80
2023-05-11 14:40:26,126 [Worker-44: http://www.eclipse.org/downloads/download.php?file=/oomph/drops/milestone/S20230502-102927-1.29.0-M2&countryCode=kr&timeZone=9&format=xml] INFO  o.a.h.c.h.i.c.HttpRequestRetryExec - Recoverable I/O exception (java.net.SocketException) caught when processing request to {}->http://www.eclipse.org:80
2023-05-11 14:40:26,796 [Worker-44: http://www.eclipse.org/downloads/download.php?file=/oomph/drops/milestone/S20230502-102927-1.29.0-M2&countryCode=kr&timeZone=9&format=xml] INFO  o.a.h.c.h.i.c.HttpRequestRetryExec - Recoverable I/O exception (java.net.SocketException) caught when processing request to {}->http://www.eclipse.org:80
2023-05-11 14:40:27,241 [Worker-42: http://www.eclipse.org/downloads/download.php?file=/oomph/drops/milestone/S20230502-102927-1.29.0-M2&countryCode=kr&timeZone=9&format=xml] INFO  o.a.h.c.h.i.c.HttpRequestRetryExec - Recoverable I/O exception (java.net.SocketException) caught when processing request to {}->http://www.eclipse.org:80
2023-05-11 14:40:27,896 [Worker-44: http://www.eclipse.org/downloads/download.php?file=/oomph/drops/milestone/S20230502-102927-1.29.0-M2&countryCode=kr&timeZone=9&format=xml] INFO  o.a.h.c.h.i.c.HttpRequestRetryExec - Recoverable I/O exception (java.net.SocketException) caught when processing request to {}->http://www.eclipse.org:80
2023-05-11 14:40:28,373 [Worker-44: http://www.eclipse.org/downloads/download.php?file=/oomph/drops/milestone/S20230502-102927-1.29.0-M2&countryCode=kr&timeZone=9&format=xml] INFO  o.a.h.c.h.i.c.HttpRequestRetryExec - Recoverable I/O exception (java.net.SocketException) caught when processing request to {}->http://www.eclipse.org:80
2023-05-11 14:40:29,010 [Worker-41: http://www.eclipse.org/downloads/download.php?file=/oomph/drops/milestone/S20230502-102927-1.29.0-M2&countryCode=kr&timeZone=9&format=xml] INFO  o.a.h.c.h.i.c.HttpRequestRetryExec - Recoverable I/O exception (java.net.SocketException) caught when processing request to {}->http://www.eclipse.org:80
2023-05-11 14:40:29,493 [Worker-50: http://www.eclipse.org/downloads/download.php?file=/oomph/drops/milestone/S20230502-102927-1.29.0-M2&countryCode=kr&timeZone=9&format=xml] INFO  o.a.h.c.h.i.c.HttpRequestRetryExec - Recoverable I/O exception (java.net.SocketException) caught when processing request to {}->http://www.eclipse.org:80
2023-05-11 14:40:30,132 [Worker-44: http://www.eclipse.org/downloads/download.php?file=/oomph/drops/milestone/S20230502-102927-1.29.0-M2&countryCode=kr&timeZone=9&format=xml] INFO  o.a.h.c.h.i.c.HttpRequestRetryExec - Recoverable I/O exception (java.net.SocketException) caught when processing request to {}->http://www.eclipse.org:80
2023-05-11 14:40:30,593 [Worker-42: http://www.eclipse.org/downloads/download.php?file=/oomph/drops/milestone/S20230502-102927-1.29.0-M2&countryCode=kr&timeZone=9&format=xml] INFO  o.a.h.c.h.i.c.HttpRequestRetryExec - Recoverable I/O exception (java.net.SocketException) caught when processing request to {}->http://www.eclipse.org:80
2023-05-11 14:40:31,232 [Worker-44: http://www.eclipse.org/downloads/download.php?file=/oomph/drops/milestone/S20230502-102927-1.29.0-M2&countryCode=kr&timeZone=9&format=xml] INFO  o.a.h.c.h.i.c.HttpRequestRetryExec - Recoverable I/O exception (java.net.SocketException) caught when processing request to {}->http://www.eclipse.org:80
2023-05-11 14:40:31,694 [Worker-41: http://www.eclipse.org/downloads/download.php?file=/oomph/drops/milestone/S20230502-102927-1.29.0-M2&countryCode=kr&timeZone=9&format=xml] INFO  o.a.h.c.h.i.c.HttpRequestRetryExec - Recoverable I/O exception (java.net.SocketException) caught when processing request to {}->http://www.eclipse.org:80
2023-05-11 14:40:32,343 [Worker-51: http://www.eclipse.org/downloads/download.php?file=/oomph/drops/milestone/S20230502-102927-1.29.0-M2&countryCode=kr&timeZone=9&format=xml] INFO  o.a.h.c.h.i.c.HttpRequestRetryExec - Recoverable I/O exception (java.net.SocketException) caught when processing request to {}->http://www.eclipse.org:80
2023-05-11 14:40:32,811 [Worker-53: http://www.eclipse.org/downloads/download.php?file=/oomph/drops/milestone/S20230502-102927-1.29.0-M2&countryCode=kr&timeZone=9&format=xml] INFO  o.a.h.c.h.i.c.HttpRequestRetryExec - Recoverable I/O exception (java.net.SocketException) caught when processing request to {}->http://www.eclipse.org:80
2023-05-11 14:40:33,472 [Worker-42: http://www.eclipse.org/downloads/download.php?file=/oomph/drops/milestone/S20230502-102927-1.29.0-M2&countryCode=kr&timeZone=9&format=xml] INFO  o.a.h.c.h.i.c.HttpRequestRetryExec - Recoverable I/O exception (java.net.SocketException) caught when processing request to {}->http://www.eclipse.org:80
2023-05-11 14:40:33,938 [Worker-0: http://www.eclipse.org/downloads/download.php?file=/oomph/drops/milestone/S20230502-102927-1.29.0-M2&countryCode=kr&timeZone=9&format=xml] INFO  o.a.h.c.h.i.c.HttpRequestRetryExec - Recoverable I/O exception (java.net.SocketException) caught when processing request to {}->http://www.eclipse.org:80
2023-05-11 14:40:34,597 [Worker-50: http://www.eclipse.org/downloads/download.php?file=/oomph/drops/milestone/S20230502-102927-1.29.0-M2&countryCode=kr&timeZone=9&format=xml] INFO  o.a.h.c.h.i.c.HttpRequestRetryExec - Recoverable I/O exception (java.net.SocketException) caught when processing request to {}->http://www.eclipse.org:80
2023-05-11 14:40:35,054 [Worker-41: http://www.eclipse.org/downloads/download.php?file=/oomph/drops/milestone/S20230502-102927-1.29.0-M2&countryCode=kr&timeZone=9&format=xml] INFO  o.a.h.c.h.i.c.HttpRequestRetryExec - Recoverable I/O exception (java.net.SocketException) caught when processing request to {}->http://www.eclipse.org:80
2023-05-11 14:40:35,706 [Worker-39: http://www.eclipse.org/downloads/download.php?file=/oomph/drops/milestone/S20230502-102927-1.29.0-M2&countryCode=kr&timeZone=9&format=xml] INFO  o.a.h.c.h.i.c.HttpRequestRetryExec - Recoverable I/O exception (java.net.SocketException) caught when processing request to {}->http://www.eclipse.org:80
2023-05-11 14:49:24,032 [Worker-7: Loading available Gradle versions] INFO  o.e.b.c.i.u.g.PublishedGradleVersions - Gradle version information cache is up-to-date. Trying to read.
2023-05-16 12:16:10,080 [Worker-4: Loading available Gradle versions] INFO  o.e.b.c.i.u.g.PublishedGradleVersions - Gradle version information cache is out-of-date. Trying to update.
2023-05-17 08:58:22,680 [Worker-1: Loading available Gradle versions] INFO  o.e.b.c.i.u.g.PublishedGradleVersions - Gradle version information cache is up-to-date. Trying to read.
2023-05-17 13:51:35,040 [Worker-3: Loading available Gradle versions] INFO  o.e.b.c.i.u.g.PublishedGradleVersions - Gradle version information cache is out-of-date. Trying to update.
2023-05-17 13:51:35,788 [Worker-3: Loading available Gradle versions] INFO  o.e.b.c.i.u.g.PublishedGradleVersions - Updating Gradle version information cache failed. Using outdated cache.
2023-05-17 20:25:18,880 [Worker-0: Loading available Gradle versions] INFO  o.e.b.c.i.u.g.PublishedGradleVersions - Gradle version information cache is out-of-date. Trying to update.
2023-05-18 11:30:18,337 [Worker-4: Loading available Gradle versions] INFO  o.e.b.c.i.u.g.PublishedGradleVersions - Gradle version information cache is up-to-date. Trying to read.
2023-05-18 14:32:00,147 [Worker-10: Loading available Gradle versions] INFO  o.e.b.c.i.u.g.PublishedGradleVersions - Gradle version information cache is up-to-date. Trying to read.
2023-05-19 17:04:05,828 [Worker-2: Loading available Gradle versions] INFO  o.e.b.c.i.u.g.PublishedGradleVersions - Gradle version information cache is out-of-date. Trying to update.
2023-05-19 17:04:06,308 [Worker-2: Loading available Gradle versions] INFO  o.e.b.c.i.u.g.PublishedGradleVersions - Updating Gradle version information cache failed. Using outdated cache.
2023-05-19 18:11:44,475 [Worker-5: Loading available Gradle versions] INFO  o.e.b.c.i.u.g.PublishedGradleVersions - Gradle version information cache is out-of-date. Trying to update.
2023-05-19 18:11:45,186 [Worker-5: Loading available Gradle versions] INFO  o.e.b.c.i.u.g.PublishedGradleVersions - Updating Gradle version information cache failed. Using outdated cache.
2023-05-24 10:44:32,979 [Worker-5: Loading available Gradle versions] INFO  o.e.b.c.i.u.g.PublishedGradleVersions - Gradle version information cache is out-of-date. Trying to update.
2023-05-24 10:44:58,658 [Worker-2: Loading available Gradle versions] INFO  o.e.b.c.i.u.g.PublishedGradleVersions - Gradle version information cache is up-to-date. Trying to read.
2023-05-26 16:47:37,199 [Worker-4: Loading available Gradle versions] INFO  o.e.b.c.i.u.g.PublishedGradleVersions - Gradle version information cache is out-of-date. Trying to update.
2023-05-26 16:47:37,683 [Worker-4: Loading available Gradle versions] INFO  o.e.b.c.i.u.g.PublishedGradleVersions - Updating Gradle version information cache failed. Using outdated cache.
2023-05-26 18:15:55,783 [Worker-5: Loading available Gradle versions] INFO  o.e.b.c.i.u.g.PublishedGradleVersions - Gradle version information cache is out-of-date. Trying to update.
2023-05-26 19:21:13,109 [Worker-1: Loading available Gradle versions] INFO  o.e.b.c.i.u.g.PublishedGradleVersions - Gradle version information cache is up-to-date. Trying to read.
2023-05-26 19:31:10,870 [Worker-6: Loading available Gradle versions] INFO  o.e.b.c.i.u.g.PublishedGradleVersions - Gradle version information cache is up-to-date. Trying to read.
2023-06-07 12:45:16,053 [Worker-4: Loading available Gradle versions] INFO  o.e.b.c.i.u.g.PublishedGradleVersions - Gradle version information cache is out-of-date. Trying to update.
2023-06-08 11:34:42,892 [Worker-3: Loading available Gradle versions] INFO  o.e.b.c.i.u.g.PublishedGradleVersions - Gradle version information cache is up-to-date. Trying to read.
2023-06-08 11:48:01,065 [Worker-0: Loading available Gradle versions] INFO  o.e.b.c.i.u.g.PublishedGradleVersions - Gradle version information cache is up-to-date. Trying to read.
2023-06-08 16:06:31,046 [Worker-4: Loading available Gradle versions] INFO  o.e.b.c.i.u.g.PublishedGradleVersions - Gradle version information cache is out-of-date. Trying to update.
2023-08-01 17:10:12,510 [Worker-3: Loading available Gradle versions] INFO  o.e.b.c.i.u.g.PublishedGradleVersions - Gradle version information cache is out-of-date. Trying to update.
2023-08-01 20:20:29,360 [Worker-1: Loading available Gradle versions] INFO  o.e.b.c.i.u.g.PublishedGradleVersions - Gradle version information cache is up-to-date. Trying to read.
2023-09-04 15:59:12,223 [Worker-4: Loading available Gradle versions] INFO  o.e.b.c.i.u.g.PublishedGradleVersions - Gradle version information cache is out-of-date. Trying to update.
2024-09-04 11:25:20,483 [Worker-1: Loading available Gradle versions] INFO  o.e.b.c.i.u.g.PublishedGradleVersions - Gradle version information cache is out-of-date. Trying to update.
2024-09-11 09:40:45,689 [Worker-5: Loading available Gradle versions] INFO  o.e.b.c.i.u.g.PublishedGradleVersions - Gradle version information cache is out-of-date. Trying to update.
2024-09-19 13:08:48,384 [Worker-1: Loading available Gradle versions] INFO  o.e.b.c.i.u.g.PublishedGradleVersions - Gradle version information cache is out-of-date. Trying to update.
2024-09-19 20:03:20,018 [Worker-2: Loading available Gradle versions] INFO  o.e.b.c.i.u.g.PublishedGradleVersions - Gradle version information cache is up-to-date. Trying to read.
2024-09-25 09:20:25,395 [Worker-5: Loading available Gradle versions] INFO  o.e.b.c.i.u.g.PublishedGradleVersions - Gradle version information cache is out-of-date. Trying to update.
2024-09-25 09:23:39,757 [Worker-0: Loading available Gradle versions] INFO  o.e.b.c.i.u.g.PublishedGradleVersions - Gradle version information cache is up-to-date. Trying to read.
2024-09-25 09:26:35,083 [Worker-4: Loading available Gradle versions] INFO  o.e.b.c.i.u.g.PublishedGradleVersions - Gradle version information cache is up-to-date. Trying to read.
2024-09-25 09:26:47,303 [Worker-5: Deferred Early Start] INFO  o.a.h.c.h.i.c.HttpRequestRetryExec - Recoverable I/O exception (java.net.SocketException) caught when processing request to {s}->https://www.eclipse.org:443
2024-09-25 09:27:13,894 [Worker-4: Loading available Gradle versions] INFO  o.e.b.c.i.u.g.PublishedGradleVersions - Gradle version information cache is up-to-date. Trying to read.
2024-09-25 11:35:22,380 [Worker-8: Loading available Gradle versions] INFO  o.e.b.c.i.u.g.PublishedGradleVersions - Gradle version information cache is up-to-date. Trying to read.
2024-09-25 13:51:41,565 [Worker-7: Loading available Gradle versions] INFO  o.e.b.c.i.u.g.PublishedGradleVersions - Gradle version information cache is up-to-date. Trying to read.
2024-09-25 14:43:29,599 [Worker-1: Loading available Gradle versions] INFO  o.e.b.c.i.u.g.PublishedGradleVersions - Gradle version information cache is up-to-date. Trying to read.
2024-10-02 08:56:11,969 [Worker-4: Loading available Gradle versions] INFO  o.e.b.c.i.u.g.PublishedGradleVersions - Gradle version information cache is out-of-date. Trying to update.
2024-10-02 08:56:12,726 [Worker-4: Loading available Gradle versions] INFO  o.e.b.c.i.u.g.PublishedGradleVersions - Updating Gradle version information cache failed. Using outdated cache.
2024-10-05 14:37:09,889 [Worker-2: Loading available Gradle versions] INFO  o.e.b.c.i.u.g.PublishedGradleVersions - Gradle version information cache is out-of-date. Trying to update.
